Symlinking /home/dyros/catkin_ws_v2/devel/share/roseus/ros/obstacle_detector/manifest.l
Symlinking /home/dyros/catkin_ws_v2/devel/share/roseus/ros/obstacle_detector/msg/CircleObstacle.l
Symlinking /home/dyros/catkin_ws_v2/devel/share/roseus/ros/obstacle_detector/msg/Obstacles.l
Symlinking /home/dyros/catkin_ws_v2/devel/share/roseus/ros/obstacle_detector/msg/SegmentObstacle.l
Symlinking /home/dyros/catkin_ws_v2/devel/share/gennodejs/ros/obstacle_detector/_index.js
Symlinking /home/dyros/catkin_ws_v2/devel/share/gennodejs/ros/obstacle_detector/msg/Obstacles.js
Symlinking /home/dyros/catkin_ws_v2/devel/share/gennodejs/ros/obstacle_detector/msg/CircleObstacle.js
Symlinking /home/dyros/catkin_ws_v2/devel/share/gennodejs/ros/obstacle_detector/msg/SegmentObstacle.js
Symlinking /home/dyros/catkin_ws_v2/devel/share/gennodejs/ros/obstacle_detector/msg/_index.js
Symlinking /home/dyros/catkin_ws_v2/devel/share/common-lisp/ros/obstacle_detector/msg/obstacle_detector-msg.asd
Symlinking /home/dyros/catkin_ws_v2/devel/share/common-lisp/ros/obstacle_detector/msg/SegmentObstacle.lisp
Symlinking /home/dyros/catkin_ws_v2/devel/share/common-lisp/ros/obstacle_detector/msg/_package_Obstacles.lisp
Symlinking /home/dyros/catkin_ws_v2/devel/share/common-lisp/ros/obstacle_detector/msg/_package_CircleObstacle.lisp
Symlinking /home/dyros/catkin_ws_v2/devel/share/common-lisp/ros/obstacle_detector/msg/Obstacles.lisp
Symlinking /home/dyros/catkin_ws_v2/devel/share/common-lisp/ros/obstacle_detector/msg/_package.lisp
Symlinking /home/dyros/catkin_ws_v2/devel/share/common-lisp/ros/obstacle_detector/msg/_package_SegmentObstacle.lisp
Symlinking /home/dyros/catkin_ws_v2/devel/share/common-lisp/ros/obstacle_detector/msg/CircleObstacle.lisp
Symlinking /home/dyros/catkin_ws_v2/devel/share/obstacle_detector/cmake/obstacle_detector-msg-extras.cmake
Symlinking /home/dyros/catkin_ws_v2/devel/share/obstacle_detector/cmake/obstacle_detectorConfig.cmake
Symlinking /home/dyros/catkin_ws_v2/devel/share/obstacle_detector/cmake/obstacle_detector-msg-paths.cmake
Symlinking /home/dyros/catkin_ws_v2/devel/share/obstacle_detector/cmake/obstacle_detectorConfig-version.cmake
Symlinking /home/dyros/catkin_ws_v2/devel/lib/libobstacle_tracker.so
Symlinking /home/dyros/catkin_ws_v2/devel/lib/libobstacle_extractor.so
Symlinking /home/dyros/catkin_ws_v2/devel/lib/libobstacle_detector_nodelets.so
Symlinking /home/dyros/catkin_ws_v2/devel/lib/libobstacle_detector_gui.so
Symlinking /home/dyros/catkin_ws_v2/devel/lib/libobstacle_publisher.so
Symlinking /home/dyros/catkin_ws_v2/devel/lib/libscans_merger.so
Symlinking /home/dyros/catkin_ws_v2/devel/lib/python3/dist-packages/obstacle_detector/__init__.py
Symlinking /home/dyros/catkin_ws_v2/devel/lib/python3/dist-packages/obstacle_detector/msg/_Obstacles.py
Symlinking /home/dyros/catkin_ws_v2/devel/lib/python3/dist-packages/obstacle_detector/msg/_SegmentObstacle.py
Symlinking /home/dyros/catkin_ws_v2/devel/lib/python3/dist-packages/obstacle_detector/msg/_CircleObstacle.py
Symlinking /home/dyros/catkin_ws_v2/devel/lib/python3/dist-packages/obstacle_detector/msg/__init__.py
Symlinking /home/dyros/catkin_ws_v2/devel/lib/pkgconfig/obstacle_detector.pc
Symlinking /home/dyros/catkin_ws_v2/devel/lib/obstacle_detector/obstacle_tracker_node
Symlinking /home/dyros/catkin_ws_v2/devel/lib/obstacle_detector/obstacle_extractor_node
Symlinking /home/dyros/catkin_ws_v2/devel/lib/obstacle_detector/scans_merger_node
Symlinking /home/dyros/catkin_ws_v2/devel/lib/obstacle_detector/obstacle_publisher_node
Symlinking /home/dyros/catkin_ws_v2/devel/include/obstacle_detector/CircleObstacle.h
Symlinking /home/dyros/catkin_ws_v2/devel/include/obstacle_detector/Obstacles.h
Symlinking /home/dyros/catkin_ws_v2/devel/include/obstacle_detector/SegmentObstacle.h
