[35m[1mScanning dependencies of target _map_manager_generate_messages_check_deps_CheckCollision[0m
[  0%] Built target _map_manager_generate_messages_check_deps_CheckCollision
[35m[1mScanning dependencies of target std_msgs_generate_messages_cpp[0m
[  0%] Built target std_msgs_generate_messages_cpp
[35m[1mScanning dependencies of target _map_manager_generate_messages_check_deps_RandomSample[0m
[  0%] Built target _map_manager_generate_messages_check_deps_RandomSample
[35m[1mScanning dependencies of target std_msgs_generate_messages_py[0m
[  0%] Built target std_msgs_generate_messages_py
[35m[1mScanning dependencies of target std_msgs_generate_messages_nodejs[0m
[  0%] Built target std_msgs_generate_messages_nodejs
[35m[1mScanning dependencies of target std_msgs_generate_messages_lisp[0m
[  0%] Built target std_msgs_generate_messages_lisp
[35m[1mScanning dependencies of target std_msgs_generate_messages_eus[0m
[  0%] Built target std_msgs_generate_messages_eus
[35m[1mScanning dependencies of target map_manager_generate_messages_cpp[0m
[  4%] [34m[1mGenerating C++ code from map_manager/CheckCollision.srv[0m
[  9%] [34m[1mGenerating C++ code from map_manager/RandomSample.srv[0m
[  9%] Built target map_manager_generate_messages_cpp
[35m[1mScanning dependencies of target map_manager_generate_messages_py[0m
[ 14%] [34m[1mGenerating Python code from SRV map_manager/CheckCollision[0m
[ 19%] [34m[1mGenerating Python code from SRV map_manager/RandomSample[0m
[ 23%] [34m[1mGenerating Python srv __init__.py for map_manager[0m
[35m[1mScanning dependencies of target map_manager_generate_messages_nodejs[0m
[ 28%] [34m[1mGenerating Javascript code from map_manager/CheckCollision.srv[0m
[35m[1mScanning dependencies of target map_manager_generate_messages_lisp[0m
[ 28%] Built target map_manager_generate_messages_py
[ 33%] [34m[1mGenerating Lisp code from map_manager/CheckCollision.srv[0m
[ 38%] [34m[1mGenerating Lisp code from map_manager/RandomSample.srv[0m
[ 38%] Built target map_manager_generate_messages_lisp
[ 42%] [34m[1mGenerating Javascript code from map_manager/RandomSample.srv[0m
[ 42%] Built target map_manager_generate_messages_nodejs
[35m[1mScanning dependencies of target map_manager_generate_messages_eus[0m
[ 47%] [34m[1mGenerating EusLisp code from map_manager/CheckCollision.srv[0m
[ 52%] [34m[1mGenerating EusLisp code from map_manager/RandomSample.srv[0m
[ 57%] [34m[1mGenerating EusLisp manifest code for map_manager[0m
[ 57%] Built target map_manager_generate_messages_eus
[35m[1mScanning dependencies of target map_manager_generate_messages[0m
[ 57%] Built target map_manager_generate_messages
[35m[1mScanning dependencies of target map_manager[0m
[ 61%] [32mBuilding CXX object CMakeFiles/map_manager.dir/include/map_manager/raycast.cpp.o[0m
[ 71%] [32mBuilding CXX object CMakeFiles/map_manager.dir/include/map_manager/dynamicMap.cpp.o[0m
[ 71%] [32mBuilding CXX object CMakeFiles/map_manager.dir/include/map_manager/occupancyMap.cpp.o[0m
[ 76%] [32mBuilding CXX object CMakeFiles/map_manager.dir/include/map_manager/detector/kalman_filter.cpp.o[0m
[ 80%] [32mBuilding CXX object CMakeFiles/map_manager.dir/include/map_manager/detector/boxDetector.cpp.o[0m
[ 85%] [32mBuilding CXX object CMakeFiles/map_manager.dir/include/map_manager/detector/uv_detector.cpp.o[0m
[ 90%] [32m[1mLinking CXX shared library /home/dyros/catkin_ws_v2/devel/.private/map_manager/lib/libmap_manager.so[0m
[ 90%] Built target map_manager
[35m[1mScanning dependencies of target dynamic_map_node[0m
[ 95%] [32mBuilding CXX object CMakeFiles/dynamic_map_node.dir/src/dynamic_map_node.cpp.o[0m
[100%] [32m[1mLinking CXX executable /home/dyros/catkin_ws_v2/devel/.private/map_manager/lib/map_manager/dynamic_map_node[0m
[100%] Built target dynamic_map_node
