Symlinking /home/dyros/catkin_ws_v2/devel/share/roseus/ros/map_manager/manifest.l
Symlinking /home/dyros/catkin_ws_v2/devel/share/roseus/ros/map_manager/srv/RandomSample.l
Symlinking /home/dyros/catkin_ws_v2/devel/share/roseus/ros/map_manager/srv/CheckCollision.l
Symlinking /home/dyros/catkin_ws_v2/devel/share/gennodejs/ros/map_manager/_index.js
Symlinking /home/dyros/catkin_ws_v2/devel/share/gennodejs/ros/map_manager/srv/CheckCollision.js
Symlinking /home/dyros/catkin_ws_v2/devel/share/gennodejs/ros/map_manager/srv/RandomSample.js
Symlinking /home/dyros/catkin_ws_v2/devel/share/gennodejs/ros/map_manager/srv/_index.js
Symlinking /home/dyros/catkin_ws_v2/devel/share/common-lisp/ros/map_manager/srv/_package_RandomSample.lisp
Symlinking /home/dyros/catkin_ws_v2/devel/share/common-lisp/ros/map_manager/srv/map_manager-srv.asd
Symlinking /home/dyros/catkin_ws_v2/devel/share/common-lisp/ros/map_manager/srv/CheckCollision.lisp
Symlinking /home/dyros/catkin_ws_v2/devel/share/common-lisp/ros/map_manager/srv/_package_CheckCollision.lisp
Symlinking /home/dyros/catkin_ws_v2/devel/share/common-lisp/ros/map_manager/srv/_package.lisp
Symlinking /home/dyros/catkin_ws_v2/devel/share/common-lisp/ros/map_manager/srv/RandomSample.lisp
Symlinking /home/dyros/catkin_ws_v2/devel/share/map_manager/cmake/map_managerConfig-version.cmake
Symlinking /home/dyros/catkin_ws_v2/devel/share/map_manager/cmake/map_manager-msg-paths.cmake
Symlinking /home/dyros/catkin_ws_v2/devel/share/map_manager/cmake/map_manager-msg-extras.cmake
Symlinking /home/dyros/catkin_ws_v2/devel/share/map_manager/cmake/map_managerConfig.cmake
Symlinking /home/dyros/catkin_ws_v2/devel/lib/libmap_manager.so
Symlinking /home/dyros/catkin_ws_v2/devel/lib/python3/dist-packages/map_manager/__init__.py
Symlinking /home/dyros/catkin_ws_v2/devel/lib/python3/dist-packages/map_manager/srv/_CheckCollision.py
Symlinking /home/dyros/catkin_ws_v2/devel/lib/python3/dist-packages/map_manager/srv/_RandomSample.py
Symlinking /home/dyros/catkin_ws_v2/devel/lib/python3/dist-packages/map_manager/srv/__init__.py
Symlinking /home/dyros/catkin_ws_v2/devel/lib/pkgconfig/map_manager.pc
Symlinking /home/dyros/catkin_ws_v2/devel/lib/map_manager/dynamic_map_node
Symlinking /home/dyros/catkin_ws_v2/devel/include/map_manager/RandomSampleResponse.h
Symlinking /home/dyros/catkin_ws_v2/devel/include/map_manager/CheckCollision.h
Symlinking /home/dyros/catkin_ws_v2/devel/include/map_manager/RandomSampleRequest.h
Symlinking /home/dyros/catkin_ws_v2/devel/include/map_manager/RandomSample.h
Symlinking /home/dyros/catkin_ws_v2/devel/include/map_manager/CheckCollisionResponse.h
Symlinking /home/dyros/catkin_ws_v2/devel/include/map_manager/CheckCollisionRequest.h
