[35m[1mScanning dependencies of target _yolov8_msgs_generate_messages_check_deps_Point2D[0m
[  0%] Built target _yolov8_msgs_generate_messages_check_deps_Point2D
[35m[1mScanning dependencies of target _yolov8_msgs_generate_messages_check_deps_Bb_vel[0m
[  0%] Built target _yolov8_msgs_generate_messages_check_deps_Bb_vel
[35m[1mScanning dependencies of target _yolov8_msgs_generate_messages_check_deps_DetectionArray[0m
[  0%] Built target _yolov8_msgs_generate_messages_check_deps_DetectionArray
[35m[1mScanning dependencies of target _yolov8_msgs_generate_messages_check_deps_Detection[0m
[35m[1mScanning dependencies of target _yolov8_msgs_generate_messages_check_deps_KeyPoint3DArray[0m
[35m[1mScanning dependencies of target _yolov8_msgs_generate_messages_check_deps_KeyPoint3D[0m
[  0%] Built target _yolov8_msgs_generate_messages_check_deps_Detection
[35m[1mScanning dependencies of target _yolov8_msgs_generate_messages_check_deps_KeyPoint2D[0m
[  0%] Built target _yolov8_msgs_generate_messages_check_deps_KeyPoint3DArray
[35m[1mScanning dependencies of target _yolov8_msgs_generate_messages_check_deps_BoundingBox3D[0m
[  0%] Built target _yolov8_msgs_generate_messages_check_deps_BoundingBox3D
[  0%] Built target _yolov8_msgs_generate_messages_check_deps_KeyPoint3D
[35m[1mScanning dependencies of target _yolov8_msgs_generate_messages_check_deps_Mask[0m
[  0%] Built target _yolov8_msgs_generate_messages_check_deps_KeyPoint2D
[35m[1mScanning dependencies of target geometry_msgs_generate_messages_py[0m
[  0%] Built target geometry_msgs_generate_messages_py
[35m[1mScanning dependencies of target _yolov8_msgs_generate_messages_check_deps_Pose2D[0m
[  0%] Built target _yolov8_msgs_generate_messages_check_deps_Mask
[35m[1mScanning dependencies of target _yolov8_msgs_generate_messages_check_deps_Vector2[0m
[35m[1mScanning dependencies of target _yolov8_msgs_generate_messages_check_deps_KeyPoint2DArray[0m
[  0%] Built target _yolov8_msgs_generate_messages_check_deps_Vector2
[  0%] Built target _yolov8_msgs_generate_messages_check_deps_KeyPoint2DArray
[35m[1mScanning dependencies of target std_msgs_generate_messages_py[0m
[  0%] Built target _yolov8_msgs_generate_messages_check_deps_Pose2D
[  0%] Built target std_msgs_generate_messages_py
[35m[1mScanning dependencies of target _yolov8_msgs_generate_messages_check_deps_BoundingBox2D[0m
[35m[1mScanning dependencies of target geometry_msgs_generate_messages_lisp[0m
[  0%] Built target geometry_msgs_generate_messages_lisp
[35m[1mScanning dependencies of target std_msgs_generate_messages_lisp[0m
[35m[1mScanning dependencies of target geometry_msgs_generate_messages_cpp[0m
[  0%] Built target std_msgs_generate_messages_lisp
[35m[1mScanning dependencies of target std_msgs_generate_messages_cpp[0m
[  0%] Built target geometry_msgs_generate_messages_cpp
[  0%] Built target std_msgs_generate_messages_cpp
[35m[1mScanning dependencies of target std_msgs_generate_messages_eus[0m
[  0%] Built target std_msgs_generate_messages_eus
[  0%] Built target _yolov8_msgs_generate_messages_check_deps_BoundingBox2D
[35m[1mScanning dependencies of target geometry_msgs_generate_messages_eus[0m
[  0%] Built target geometry_msgs_generate_messages_eus
[35m[1mScanning dependencies of target geometry_msgs_generate_messages_nodejs[0m
[  0%] Built target geometry_msgs_generate_messages_nodejs
[35m[1mScanning dependencies of target std_msgs_generate_messages_nodejs[0m
[  0%] Built target std_msgs_generate_messages_nodejs
[35m[1mScanning dependencies of target yolov8_msgs_generate_messages_py[0m
[  1%] [34m[1mGenerating Python from MSG yolov8_msgs/Point2D[0m
[35m[1mScanning dependencies of target yolov8_msgs_generate_messages_lisp[0m
[  2%] [34m[1mGenerating Lisp code from yolov8_msgs/Point2D.msg[0m
[  4%] [34m[1mGenerating Python from MSG yolov8_msgs/Vector2[0m
[  5%] [34m[1mGenerating Lisp code from yolov8_msgs/Vector2.msg[0m
[35m[1mScanning dependencies of target yolov8_msgs_generate_messages_cpp[0m
[  7%] [34m[1mGenerating C++ code from yolov8_msgs/Point2D.msg[0m
[  8%] [34m[1mGenerating Lisp code from yolov8_msgs/Pose2D.msg[0m
[ 10%] [34m[1mGenerating Python from MSG yolov8_msgs/Pose2D[0m
[ 11%] [34m[1mGenerating Lisp code from yolov8_msgs/BoundingBox2D.msg[0m
[ 13%] [34m[1mGenerating Lisp code from yolov8_msgs/BoundingBox3D.msg[0m
[ 14%] [34m[1mGenerating C++ code from yolov8_msgs/Vector2.msg[0m
[ 16%] [34m[1mGenerating Lisp code from yolov8_msgs/Mask.msg[0m
[ 17%] [34m[1mGenerating Lisp code from yolov8_msgs/KeyPoint2D.msg[0m
[ 19%] [34m[1mGenerating Lisp code from yolov8_msgs/KeyPoint2DArray.msg[0m
[ 20%] [34m[1mGenerating Lisp code from yolov8_msgs/KeyPoint3D.msg[0m
[ 22%] [34m[1mGenerating C++ code from yolov8_msgs/Pose2D.msg[0m
[ 23%] [34m[1mGenerating C++ code from yolov8_msgs/BoundingBox2D.msg[0m
[ 25%] [34m[1mGenerating Lisp code from yolov8_msgs/KeyPoint3DArray.msg[0m
[ 26%] [34m[1mGenerating Lisp code from yolov8_msgs/Detection.msg[0m
[ 28%] [34m[1mGenerating C++ code from yolov8_msgs/BoundingBox3D.msg[0m
[ 29%] [34m[1mGenerating C++ code from yolov8_msgs/Mask.msg[0m
[ 31%] [34m[1mGenerating Lisp code from yolov8_msgs/DetectionArray.msg[0m
[ 32%] [34m[1mGenerating Lisp code from yolov8_msgs/Bb_vel.msg[0m
[ 34%] [34m[1mGenerating C++ code from yolov8_msgs/KeyPoint2D.msg[0m
[ 34%] Built target yolov8_msgs_generate_messages_lisp
[ 35%] [34m[1mGenerating Python from MSG yolov8_msgs/BoundingBox2D[0m
[ 37%] [34m[1mGenerating C++ code from yolov8_msgs/KeyPoint2DArray.msg[0m
[ 38%] [34m[1mGenerating C++ code from yolov8_msgs/KeyPoint3D.msg[0m
[ 40%] [34m[1mGenerating C++ code from yolov8_msgs/KeyPoint3DArray.msg[0m
[ 41%] [34m[1mGenerating C++ code from yolov8_msgs/Detection.msg[0m
[ 43%] [34m[1mGenerating C++ code from yolov8_msgs/DetectionArray.msg[0m
[ 44%] [34m[1mGenerating C++ code from yolov8_msgs/Bb_vel.msg[0m
[ 46%] [34m[1mGenerating Python from MSG yolov8_msgs/BoundingBox3D[0m
[ 46%] Built target yolov8_msgs_generate_messages_cpp
[ 47%] [34m[1mGenerating Python from MSG yolov8_msgs/Mask[0m
[ 49%] [34m[1mGenerating Python from MSG yolov8_msgs/KeyPoint2D[0m
[ 50%] [34m[1mGenerating Python from MSG yolov8_msgs/KeyPoint2DArray[0m
[ 52%] [34m[1mGenerating Python from MSG yolov8_msgs/KeyPoint3D[0m
[ 53%] [34m[1mGenerating Python from MSG yolov8_msgs/KeyPoint3DArray[0m
[ 55%] [34m[1mGenerating Python from MSG yolov8_msgs/Detection[0m
[ 56%] [34m[1mGenerating Python from MSG yolov8_msgs/DetectionArray[0m
[ 58%] [34m[1mGenerating Python from MSG yolov8_msgs/Bb_vel[0m
[ 59%] [34m[1mGenerating Python msg __init__.py for yolov8_msgs[0m
[ 59%] Built target yolov8_msgs_generate_messages_py
[35m[1mScanning dependencies of target yolov8_msgs_generate_messages_eus[0m
[ 61%] [34m[1mGenerating EusLisp code from yolov8_msgs/Point2D.msg[0m
[ 62%] [34m[1mGenerating EusLisp code from yolov8_msgs/Vector2.msg[0m
[ 64%] [34m[1mGenerating EusLisp code from yolov8_msgs/Pose2D.msg[0m
[35m[1mScanning dependencies of target yolov8_msgs_generate_messages_nodejs[0m
[ 65%] [34m[1mGenerating Javascript code from yolov8_msgs/Point2D.msg[0m
[ 67%] [34m[1mGenerating EusLisp code from yolov8_msgs/BoundingBox2D.msg[0m
[ 68%] [34m[1mGenerating EusLisp code from yolov8_msgs/BoundingBox3D.msg[0m
[ 70%] [34m[1mGenerating EusLisp code from yolov8_msgs/Mask.msg[0m
[ 71%] [34m[1mGenerating Javascript code from yolov8_msgs/Vector2.msg[0m
[ 73%] [34m[1mGenerating Javascript code from yolov8_msgs/Pose2D.msg[0m
[ 74%] [34m[1mGenerating Javascript code from yolov8_msgs/BoundingBox2D.msg[0m
[ 76%] [34m[1mGenerating Javascript code from yolov8_msgs/BoundingBox3D.msg[0m
[ 77%] [34m[1mGenerating EusLisp code from yolov8_msgs/KeyPoint2D.msg[0m
[ 79%] [34m[1mGenerating Javascript code from yolov8_msgs/Mask.msg[0m
[ 80%] [34m[1mGenerating EusLisp code from yolov8_msgs/KeyPoint2DArray.msg[0m
[ 82%] [34m[1mGenerating Javascript code from yolov8_msgs/KeyPoint2D.msg[0m
[ 83%] [34m[1mGenerating Javascript code from yolov8_msgs/KeyPoint2DArray.msg[0m
[ 85%] [34m[1mGenerating Javascript code from yolov8_msgs/KeyPoint3D.msg[0m
[ 86%] [34m[1mGenerating EusLisp code from yolov8_msgs/KeyPoint3D.msg[0m
[ 88%] [34m[1mGenerating Javascript code from yolov8_msgs/KeyPoint3DArray.msg[0m
[ 89%] [34m[1mGenerating Javascript code from yolov8_msgs/Detection.msg[0m
[ 91%] [34m[1mGenerating Javascript code from yolov8_msgs/DetectionArray.msg[0m
[ 92%] [34m[1mGenerating Javascript code from yolov8_msgs/Bb_vel.msg[0m
[ 94%] [34m[1mGenerating EusLisp code from yolov8_msgs/Detection.msg[0m
[ 95%] [34m[1mGenerating EusLisp code from yolov8_msgs/KeyPoint3DArray.msg[0m
[ 97%] [34m[1mGenerating EusLisp code from yolov8_msgs/DetectionArray.msg[0m
[ 98%] [34m[1mGenerating EusLisp code from yolov8_msgs/Bb_vel.msg[0m
[ 98%] Built target yolov8_msgs_generate_messages_nodejs
[100%] [34m[1mGenerating EusLisp manifest code for yolov8_msgs[0m
[100%] Built target yolov8_msgs_generate_messages_eus
[35m[1mScanning dependencies of target yolov8_msgs_generate_messages[0m
[100%] Built target yolov8_msgs_generate_messages
