Symlinking /home/dyros/catkin_ws_v2/devel/share/yolov8_msgs/cmake/yolov8_msgsConfig-version.cmake
Symlinking /home/dyros/catkin_ws_v2/devel/share/yolov8_msgs/cmake/yolov8_msgs-msg-extras.cmake
Symlinking /home/dyros/catkin_ws_v2/devel/share/yolov8_msgs/cmake/yolov8_msgsConfig.cmake
Symlinking /home/dyros/catkin_ws_v2/devel/share/yolov8_msgs/cmake/yolov8_msgs-msg-paths.cmake
Symlinking /home/dyros/catkin_ws_v2/devel/share/roseus/ros/yolov8_msgs/manifest.l
Symlinking /home/dyros/catkin_ws_v2/devel/share/roseus/ros/yolov8_msgs/msg/KeyPoint3DArray.l
Symlinking /home/dyros/catkin_ws_v2/devel/share/roseus/ros/yolov8_msgs/msg/KeyPoint3D.l
Symlinking /home/dyros/catkin_ws_v2/devel/share/roseus/ros/yolov8_msgs/msg/Detection.l
Symlinking /home/dyros/catkin_ws_v2/devel/share/roseus/ros/yolov8_msgs/msg/Pose2D.l
Symlinking /home/dyros/catkin_ws_v2/devel/share/roseus/ros/yolov8_msgs/msg/DetectionArray.l
Symlinking /home/dyros/catkin_ws_v2/devel/share/roseus/ros/yolov8_msgs/msg/BoundingBox2D.l
Symlinking /home/dyros/catkin_ws_v2/devel/share/roseus/ros/yolov8_msgs/msg/Mask.l
Symlinking /home/dyros/catkin_ws_v2/devel/share/roseus/ros/yolov8_msgs/msg/Bb_vel.l
Symlinking /home/dyros/catkin_ws_v2/devel/share/roseus/ros/yolov8_msgs/msg/Vector2.l
Symlinking /home/dyros/catkin_ws_v2/devel/share/roseus/ros/yolov8_msgs/msg/KeyPoint2DArray.l
Symlinking /home/dyros/catkin_ws_v2/devel/share/roseus/ros/yolov8_msgs/msg/Point2D.l
Symlinking /home/dyros/catkin_ws_v2/devel/share/roseus/ros/yolov8_msgs/msg/KeyPoint2D.l
Symlinking /home/dyros/catkin_ws_v2/devel/share/roseus/ros/yolov8_msgs/msg/BoundingBox3D.l
Symlinking /home/dyros/catkin_ws_v2/devel/share/gennodejs/ros/yolov8_msgs/_index.js
Symlinking /home/dyros/catkin_ws_v2/devel/share/gennodejs/ros/yolov8_msgs/msg/KeyPoint2D.js
Symlinking /home/dyros/catkin_ws_v2/devel/share/gennodejs/ros/yolov8_msgs/msg/BoundingBox2D.js
Symlinking /home/dyros/catkin_ws_v2/devel/share/gennodejs/ros/yolov8_msgs/msg/Detection.js
Symlinking /home/dyros/catkin_ws_v2/devel/share/gennodejs/ros/yolov8_msgs/msg/Point2D.js
Symlinking /home/dyros/catkin_ws_v2/devel/share/gennodejs/ros/yolov8_msgs/msg/Bb_vel.js
Symlinking /home/dyros/catkin_ws_v2/devel/share/gennodejs/ros/yolov8_msgs/msg/Pose2D.js
Symlinking /home/dyros/catkin_ws_v2/devel/share/gennodejs/ros/yolov8_msgs/msg/KeyPoint3D.js
Symlinking /home/dyros/catkin_ws_v2/devel/share/gennodejs/ros/yolov8_msgs/msg/_index.js
Symlinking /home/dyros/catkin_ws_v2/devel/share/gennodejs/ros/yolov8_msgs/msg/KeyPoint3DArray.js
Symlinking /home/dyros/catkin_ws_v2/devel/share/gennodejs/ros/yolov8_msgs/msg/Vector2.js
Symlinking /home/dyros/catkin_ws_v2/devel/share/gennodejs/ros/yolov8_msgs/msg/KeyPoint2DArray.js
Symlinking /home/dyros/catkin_ws_v2/devel/share/gennodejs/ros/yolov8_msgs/msg/DetectionArray.js
Symlinking /home/dyros/catkin_ws_v2/devel/share/gennodejs/ros/yolov8_msgs/msg/Mask.js
Symlinking /home/dyros/catkin_ws_v2/devel/share/gennodejs/ros/yolov8_msgs/msg/BoundingBox3D.js
Symlinking /home/dyros/catkin_ws_v2/devel/share/common-lisp/ros/yolov8_msgs/msg/KeyPoint3DArray.lisp
Symlinking /home/dyros/catkin_ws_v2/devel/share/common-lisp/ros/yolov8_msgs/msg/KeyPoint2DArray.lisp
Symlinking /home/dyros/catkin_ws_v2/devel/share/common-lisp/ros/yolov8_msgs/msg/BoundingBox2D.lisp
Symlinking /home/dyros/catkin_ws_v2/devel/share/common-lisp/ros/yolov8_msgs/msg/_package_KeyPoint3D.lisp
Symlinking /home/dyros/catkin_ws_v2/devel/share/common-lisp/ros/yolov8_msgs/msg/_package_Detection.lisp
Symlinking /home/dyros/catkin_ws_v2/devel/share/common-lisp/ros/yolov8_msgs/msg/_package_Mask.lisp
Symlinking /home/dyros/catkin_ws_v2/devel/share/common-lisp/ros/yolov8_msgs/msg/KeyPoint3D.lisp
Symlinking /home/dyros/catkin_ws_v2/devel/share/common-lisp/ros/yolov8_msgs/msg/_package_Vector2.lisp
Symlinking /home/dyros/catkin_ws_v2/devel/share/common-lisp/ros/yolov8_msgs/msg/KeyPoint2D.lisp
Symlinking /home/dyros/catkin_ws_v2/devel/share/common-lisp/ros/yolov8_msgs/msg/Pose2D.lisp
Symlinking /home/dyros/catkin_ws_v2/devel/share/common-lisp/ros/yolov8_msgs/msg/_package_BoundingBox2D.lisp
Symlinking /home/dyros/catkin_ws_v2/devel/share/common-lisp/ros/yolov8_msgs/msg/_package_BoundingBox3D.lisp
Symlinking /home/dyros/catkin_ws_v2/devel/share/common-lisp/ros/yolov8_msgs/msg/_package_KeyPoint3DArray.lisp
Symlinking /home/dyros/catkin_ws_v2/devel/share/common-lisp/ros/yolov8_msgs/msg/BoundingBox3D.lisp
Symlinking /home/dyros/catkin_ws_v2/devel/share/common-lisp/ros/yolov8_msgs/msg/Point2D.lisp
Symlinking /home/dyros/catkin_ws_v2/devel/share/common-lisp/ros/yolov8_msgs/msg/Bb_vel.lisp
Symlinking /home/dyros/catkin_ws_v2/devel/share/common-lisp/ros/yolov8_msgs/msg/Detection.lisp
Symlinking /home/dyros/catkin_ws_v2/devel/share/common-lisp/ros/yolov8_msgs/msg/_package_Point2D.lisp
Symlinking /home/dyros/catkin_ws_v2/devel/share/common-lisp/ros/yolov8_msgs/msg/_package_KeyPoint2DArray.lisp
Symlinking /home/dyros/catkin_ws_v2/devel/share/common-lisp/ros/yolov8_msgs/msg/_package_DetectionArray.lisp
Symlinking /home/dyros/catkin_ws_v2/devel/share/common-lisp/ros/yolov8_msgs/msg/Vector2.lisp
Symlinking /home/dyros/catkin_ws_v2/devel/share/common-lisp/ros/yolov8_msgs/msg/DetectionArray.lisp
Symlinking /home/dyros/catkin_ws_v2/devel/share/common-lisp/ros/yolov8_msgs/msg/_package_Pose2D.lisp
Symlinking /home/dyros/catkin_ws_v2/devel/share/common-lisp/ros/yolov8_msgs/msg/yolov8_msgs-msg.asd
Symlinking /home/dyros/catkin_ws_v2/devel/share/common-lisp/ros/yolov8_msgs/msg/_package.lisp
Symlinking /home/dyros/catkin_ws_v2/devel/share/common-lisp/ros/yolov8_msgs/msg/Mask.lisp
Symlinking /home/dyros/catkin_ws_v2/devel/share/common-lisp/ros/yolov8_msgs/msg/_package_KeyPoint2D.lisp
Symlinking /home/dyros/catkin_ws_v2/devel/share/common-lisp/ros/yolov8_msgs/msg/_package_Bb_vel.lisp
Symlinking /home/dyros/catkin_ws_v2/devel/lib/yolov8_msgs/cmake.lock
Symlinking /home/dyros/catkin_ws_v2/devel/lib/yolov8_msgs/start_node_script.py
Symlinking /home/dyros/catkin_ws_v2/devel/lib/python3/dist-packages/yolov8_msgs/__init__.py
Symlinking /home/dyros/catkin_ws_v2/devel/lib/python3/dist-packages/yolov8_msgs/msg/_Bb_vel.py
Symlinking /home/dyros/catkin_ws_v2/devel/lib/python3/dist-packages/yolov8_msgs/msg/_Pose2D.py
Symlinking /home/dyros/catkin_ws_v2/devel/lib/python3/dist-packages/yolov8_msgs/msg/_Detection.py
Symlinking /home/dyros/catkin_ws_v2/devel/lib/python3/dist-packages/yolov8_msgs/msg/_KeyPoint2D.py
Symlinking /home/dyros/catkin_ws_v2/devel/lib/python3/dist-packages/yolov8_msgs/msg/_KeyPoint2DArray.py
Symlinking /home/dyros/catkin_ws_v2/devel/lib/python3/dist-packages/yolov8_msgs/msg/_Point2D.py
Symlinking /home/dyros/catkin_ws_v2/devel/lib/python3/dist-packages/yolov8_msgs/msg/_Vector2.py
Symlinking /home/dyros/catkin_ws_v2/devel/lib/python3/dist-packages/yolov8_msgs/msg/_DetectionArray.py
Symlinking /home/dyros/catkin_ws_v2/devel/lib/python3/dist-packages/yolov8_msgs/msg/_KeyPoint3D.py
Symlinking /home/dyros/catkin_ws_v2/devel/lib/python3/dist-packages/yolov8_msgs/msg/_BoundingBox3D.py
Symlinking /home/dyros/catkin_ws_v2/devel/lib/python3/dist-packages/yolov8_msgs/msg/_BoundingBox2D.py
Symlinking /home/dyros/catkin_ws_v2/devel/lib/python3/dist-packages/yolov8_msgs/msg/_KeyPoint3DArray.py
Symlinking /home/dyros/catkin_ws_v2/devel/lib/python3/dist-packages/yolov8_msgs/msg/__init__.py
Symlinking /home/dyros/catkin_ws_v2/devel/lib/python3/dist-packages/yolov8_msgs/msg/_Mask.py
Symlinking /home/dyros/catkin_ws_v2/devel/lib/pkgconfig/yolov8_msgs.pc
Symlinking /home/dyros/catkin_ws_v2/devel/include/yolov8_msgs/BoundingBox2D.h
Symlinking /home/dyros/catkin_ws_v2/devel/include/yolov8_msgs/KeyPoint3D.h
Symlinking /home/dyros/catkin_ws_v2/devel/include/yolov8_msgs/Bb_vel.h
Symlinking /home/dyros/catkin_ws_v2/devel/include/yolov8_msgs/Mask.h
Symlinking /home/dyros/catkin_ws_v2/devel/include/yolov8_msgs/Vector2.h
Symlinking /home/dyros/catkin_ws_v2/devel/include/yolov8_msgs/KeyPoint3DArray.h
Symlinking /home/dyros/catkin_ws_v2/devel/include/yolov8_msgs/Pose2D.h
Symlinking /home/dyros/catkin_ws_v2/devel/include/yolov8_msgs/BoundingBox3D.h
Symlinking /home/dyros/catkin_ws_v2/devel/include/yolov8_msgs/Point2D.h
Symlinking /home/dyros/catkin_ws_v2/devel/include/yolov8_msgs/KeyPoint2D.h
Symlinking /home/dyros/catkin_ws_v2/devel/include/yolov8_msgs/KeyPoint2DArray.h
Symlinking /home/dyros/catkin_ws_v2/devel/include/yolov8_msgs/Detection.h
Symlinking /home/dyros/catkin_ws_v2/devel/include/yolov8_msgs/DetectionArray.h
